C:\Users\user\AppData\Local\Programs\Python\Python312\Lib\site-packages\django\db\backends\utils.py:98: RuntimeWarning: Accessing the database during app initialization is discouraged. To fix this warning, avoid executing queries in AppConfig.ready() or when your app modules are imported.
  warnings.warn(self.APPS_NOT_READY_WARNING_MSG, category=RuntimeWarning)
[19/Jul/2026 21:34:16] "GET / HTTP/1.1" 200 111117
[19/Jul/2026 21:34:17] "GET /backingtracks/ HTTP/1.1" 200 59252
[19/Jul/2026 21:34:18] "GET /backingtracks/19/status/ HTTP/1.1" 200 8412
[19/Jul/2026 21:34:18] "GET /backingtracks/19/status/ HTTP/1.1" 200 42
[19/Jul/2026 21:34:20] "GET /backingtracks/ HTTP/1.1" 200 59250
[19/Jul/2026 21:34:20] "GET /media/track_images/thumb_19_U8Sk2JV.webp HTTP/1.1" 200 24114
[19/Jul/2026 21:34:24] "GET / HTTP/1.1" 200 111116
[19/Jul/2026 21:34:24] "GET /media/track_images/thumb_19_U8Sk2JV.webp HTTP/1.1" 304 0
D:\School\ISPROJ2\musicpractice\backingtracks\services.py:83: FutureWarning: librosa.beat.tempo
	This function was moved to 'librosa.feature.rhythm.tempo' in librosa version 0.10.0.
	This alias will be removed in librosa version 1.0.
  tempo_val = librosa.beat.tempo(y=y, sr=sr)
C:\Users\user\AppData\Local\Programs\Python\Python312\Lib\site-packages\librosa\feature\spectral.py:2148: UserWarning: Empty filters detected in mel frequency basis. Some channels will produce empty responses. Try increasing your sampling rate (and fmax) or reducing n_mels.
  mel_basis = filters.mel(sr=sr, n_fft=n_fft, **kwargs)
[19/Jul/2026 21:35:40] "GET /backingtracks/19/status/ HTTP/1.1" 200 8412
[19/Jul/2026 21:35:40] "GET /backingtracks/19/status/ HTTP/1.1" 200 42
[19/Jul/2026 21:35:42] "GET / HTTP/1.1" 200 111116
[19/Jul/2026 21:35:42] "GET /media/track_images/thumb_19_U8Sk2JV.webp HTTP/1.1" 304 0
[19/Jul/2026 21:35:42] "GET /backingtracks/ HTTP/1.1" 200 59250
[19/Jul/2026 21:36:06] "GET /backingtracks/ HTTP/1.1" 200 59242
[19/Jul/2026 21:36:06] "GET /static/backingtracks/css/style.css HTTP/1.1" 304 0
[19/Jul/2026 21:36:06] "GET /media/track_images/thumb_19_U8Sk2JV.webp HTTP/1.1" 304 0
[19/Jul/2026 21:36:07] "GET /backingtracks/19/status/ HTTP/1.1" 200 8401
[19/Jul/2026 21:36:07] "GET /backingtracks/19/status/ HTTP/1.1" 200 35
[19/Jul/2026 21:36:09] "GET /backingtracks/19/status/ HTTP/1.1" 200 35
[19/Jul/2026 21:36:12] "GET /backingtracks/19/status/ HTTP/1.1" 200 35
[19/Jul/2026 21:36:14] "GET /backingtracks/19/status/ HTTP/1.1" 200 35
[19/Jul/2026 21:36:17] "GET /backingtracks/19/status/ HTTP/1.1" 200 35
[19/Jul/2026 21:36:20] "GET /backingtracks/19/status/ HTTP/1.1" 200 35
[19/Jul/2026 21:36:23] "GET /backingtracks/19/status/ HTTP/1.1" 200 35
[19/Jul/2026 21:36:26] "GET /backingtracks/19/status/ HTTP/1.1" 200 35
[19/Jul/2026 21:36:29] "GET /backingtracks/19/status/ HTTP/1.1" 200 35
[19/Jul/2026 21:36:32] "GET /backingtracks/19/status/ HTTP/1.1" 200 35
[19/Jul/2026 21:36:35] "GET /backingtracks/19/status/ HTTP/1.1" 200 35
[19/Jul/2026 21:36:38] "GET /backingtracks/19/status/ HTTP/1.1" 200 35
[19/Jul/2026 21:36:40] "GET /backingtracks/19/status/ HTTP/1.1" 200 42
[19/Jul/2026 21:36:42] "GET /backingtracks/19/status/ HTTP/1.1" 200 8412
[19/Jul/2026 21:36:42] "GET /backingtracks/19/status/ HTTP/1.1" 200 42
[19/Jul/2026 21:36:43] "GET / HTTP/1.1" 200 111755
[19/Jul/2026 21:36:43] "GET /media/track_images/thumb_19_U8Sk2JV.webp HTTP/1.1" 304 0
[19/Jul/2026 21:36:43] "GET /backingtracks/ HTTP/1.1" 200 59242
[19/Jul/2026 21:36:45] "GET /backingtracks/19/status/ HTTP/1.1" 200 8412
[19/Jul/2026 21:36:45] "GET /backingtracks/19/status/ HTTP/1.1" 200 42
[19/Jul/2026 21:36:47] "GET /backingtracks/19/status/ HTTP/1.1" 200 42
[19/Jul/2026 21:36:52] "GET /backingtracks/19/status/ HTTP/1.1" 200 42
[19/Jul/2026 21:36:56] "GET /backingtracks/19/status/ HTTP/1.1" 200 42
[19/Jul/2026 21:36:57] "GET / HTTP/1.1" 200 111755
[19/Jul/2026 21:36:57] "GET /backingtracks/ HTTP/1.1" 200 59242
[19/Jul/2026 21:36:58] "GET /media/track_images/thumb_19_U8Sk2JV.webp HTTP/1.1" 304 0
[19/Jul/2026 21:36:59] "GET /backingtracks/19/status/ HTTP/1.1" 200 8412
[19/Jul/2026 21:36:59] "GET /backingtracks/19/status/ HTTP/1.1" 200 42
[19/Jul/2026 21:37:00] "GET /backingtracks/ HTTP/1.1" 200 59242
[19/Jul/2026 21:37:09] "GET /backingtracks/16/ HTTP/1.1" 200 12997
[19/Jul/2026 21:37:09] "GET /static/backingtracks/js/audio-engine.js HTTP/1.1" 304 0
[19/Jul/2026 21:37:09] "GET /media/stems/qwerty/16/drums.mp3 HTTP/1.1" 200 6332542
[19/Jul/2026 21:37:09] "GET /media/stems/qwerty/16/bass.mp3 HTTP/1.1" 200 6332542
[19/Jul/2026 21:37:09] "GET /media/stems/qwerty/16/vocals.mp3 HTTP/1.1" 200 6332542
[19/Jul/2026 21:37:09] "GET /media/stems/qwerty/16/piano.mp3 HTTP/1.1" 200 6332542
[19/Jul/2026 21:37:11] "GET /media/stems/qwerty/16/guitar.mp3 HTTP/1.1" 200 6332542
[19/Jul/2026 21:37:11] "GET /media/stems/qwerty/16/other.mp3 HTTP/1.1" 200 6332542
[19/Jul/2026 21:39:34] "GET /backingtracks/ HTTP/1.1" 200 59215
[19/Jul/2026 21:39:34] "GET /media/track_images/thumb_19_U8Sk2JV.webp HTTP/1.1" 304 0
[19/Jul/2026 21:39:35] "GET /backingtracks/19/ HTTP/1.1" 200 12947
[19/Jul/2026 21:39:35] "GET /media/stems/qwerty/19/guitar.mp3 HTTP/1.1" 200 4102730
[19/Jul/2026 21:39:35] "GET /media/stems/qwerty/19/other.mp3 HTTP/1.1" 200 4102730
[19/Jul/2026 21:39:35] "GET /media/stems/qwerty/19/vocals.mp3 HTTP/1.1" 200 4102730
[19/Jul/2026 21:39:35] "GET /media/stems/qwerty/19/drums.mp3 HTTP/1.1" 200 4102730
[19/Jul/2026 21:39:35] "GET /media/stems/qwerty/19/bass.mp3 HTTP/1.1" 200 4102730
[19/Jul/2026 21:39:35] "GET /media/stems/qwerty/19/piano.mp3 HTTP/1.1" 200 4102730
[19/Jul/2026 22:13:57] "GET /backingtracks/ HTTP/1.1" 200 59215
[19/Jul/2026 22:13:57] "GET /static/backingtracks/css/style.css HTTP/1.1" 304 0
[19/Jul/2026 22:13:57] "GET /media/track_images/thumb_19_U8Sk2JV.webp HTTP/1.1" 304 0
[19/Jul/2026 22:13:57] "GET /media/track_images/thumb_17.webp HTTP/1.1" 304 0
[19/Jul/2026 22:13:57] "GET /media/track_images/thumb_16.webp HTTP/1.1" 304 0
[19/Jul/2026 22:13:57] "GET /media/track_images/thumb_15_Toc2HNz.webp HTTP/1.1" 304 0
[19/Jul/2026 22:14:00] "GET /backingtracks/19/ HTTP/1.1" 200 12947
[19/Jul/2026 22:14:00] "GET /static/backingtracks/js/audio-engine.js HTTP/1.1" 304 0
[19/Jul/2026 22:14:00] "GET /static/backingtracks/js/player-init.js HTTP/1.1" 304 0
[19/Jul/2026 22:14:00] "GET /media/stems/qwerty/19/guitar.mp3 HTTP/1.1" 200 4102730
[19/Jul/2026 22:14:00] "GET /media/stems/qwerty/19/vocals.mp3 HTTP/1.1" 200 4102730
[19/Jul/2026 22:14:00] "GET /media/stems/qwerty/19/other.mp3 HTTP/1.1" 200 4102730
[19/Jul/2026 22:14:00] "GET /media/stems/qwerty/19/piano.mp3 HTTP/1.1" 200 4102730
[19/Jul/2026 22:14:00] "GET /media/stems/qwerty/19/bass.mp3 HTTP/1.1" 200 4102730
[19/Jul/2026 22:14:00] "GET /media/stems/qwerty/19/drums.mp3 HTTP/1.1" 200 4102730
[19/Jul/2026 23:02:15] "GET /static/backingtracks/img/favicon.svg HTTP/1.1" 304 0
[19/Jul/2026 23:02:19] "GET / HTTP/1.1" 200 111741
[19/Jul/2026 23:02:19] "GET /static/backingtracks/css/style.css HTTP/1.1" 304 0
[19/Jul/2026 23:02:19] "GET /media/track_images/thumb_19_U8Sk2JV.webp HTTP/1.1" 304 0
[19/Jul/2026 23:02:19] "GET /media/track_images/thumb_17.webp HTTP/1.1" 304 0
[19/Jul/2026 23:02:19] "GET /media/track_images/thumb_15_Toc2HNz.webp HTTP/1.1" 304 0
[19/Jul/2026 23:02:19] "GET /media/track_images/thumb_16.webp HTTP/1.1" 304 0
[19/Jul/2026 23:02:19] "GET /media/track_images/thumb_14.webp HTTP/1.1" 304 0
[19/Jul/2026 23:02:19] "GET /media/track_images/thumb_13.webp HTTP/1.1" 304 0
[19/Jul/2026 23:02:19] "GET /media/track_images/thumb_12.webp HTTP/1.1" 304 0
[19/Jul/2026 23:02:19] "GET /backingtracks/ HTTP/1.1" 200 59215
[19/Jul/2026 23:02:26] "GET /playlists/ HTTP/1.1" 200 7312
[19/Jul/2026 23:02:26,944] - Broken pipe from ('127.0.0.1', 64091)
[19/Jul/2026 23:02:28] "GET / HTTP/1.1" 200 111741
[19/Jul/2026 23:02:29] "GET /backingtracks/ HTTP/1.1" 200 59215
[19/Jul/2026 23:02:31] "GET /playlists/ HTTP/1.1" 200 7312
[19/Jul/2026 23:02:31,740] - Broken pipe from ('127.0.0.1', 51963)
[19/Jul/2026 23:02:34] "GET /playlists/2/ HTTP/1.1" 200 12719
[19/Jul/2026 23:02:36] "POST /playlists/add-track/ HTTP/1.1" 302 0
[19/Jul/2026 23:02:36] "GET /playlists/2/ HTTP/1.1" 200 15414
[19/Jul/2026 23:02:39] "GET /backingtracks/16/ HTTP/1.1" 200 12997
[19/Jul/2026 23:02:39] "GET /static/backingtracks/js/audio-engine.js HTTP/1.1" 304 0
[19/Jul/2026 23:02:39] "GET /static/backingtracks/js/player-init.js HTTP/1.1" 304 0
[19/Jul/2026 23:02:40] "GET /media/stems/qwerty/16/bass.mp3 HTTP/1.1" 304 0
[19/Jul/2026 23:02:40] "GET /media/stems/qwerty/16/drums.mp3 HTTP/1.1" 304 0
[19/Jul/2026 23:02:40] "GET /media/stems/qwerty/16/guitar.mp3 HTTP/1.1" 304 0
[19/Jul/2026 23:02:40] "GET /media/stems/qwerty/16/other.mp3 HTTP/1.1" 304 0
[19/Jul/2026 23:02:40] "GET /media/stems/qwerty/16/piano.mp3 HTTP/1.1" 304 0
[19/Jul/2026 23:02:40] "GET /media/stems/qwerty/16/vocals.mp3 HTTP/1.1" 304 0
[19/Jul/2026 23:03:09] "GET / HTTP/1.1" 200 111741
[19/Jul/2026 23:03:15] "GET /backingtracks/ HTTP/1.1" 200 59215
Not Found: /.well-known/appspecific/com.chrome.devtools.json
[19/Jul/2026 23:03:51] "GET /.well-known/appspecific/com.chrome.devtools.json HTTP/1.1" 404 7562
[19/Jul/2026 23:04:10] "GET / HTTP/1.1" 200 111741
Not Found: /.well-known/appspecific/com.chrome.devtools.json
[19/Jul/2026 23:04:10] "GET /.well-known/appspecific/com.chrome.devtools.json HTTP/1.1" 404 7562
[19/Jul/2026 23:53:52] "GET / HTTP/1.1" 200 111741
[19/Jul/2026 23:53:53] "GET /static/backingtracks/css/style.css HTTP/1.1" 304 0
[19/Jul/2026 23:53:53] "GET /media/track_images/thumb_19_U8Sk2JV.webp HTTP/1.1" 304 0
[19/Jul/2026 23:53:53] "GET /media/track_images/thumb_17.webp HTTP/1.1" 304 0
[19/Jul/2026 23:53:53] "GET /media/track_images/thumb_16.webp HTTP/1.1" 304 0
[19/Jul/2026 23:53:53] "GET /media/track_images/thumb_15_Toc2HNz.webp HTTP/1.1" 304 0
[19/Jul/2026 23:53:55] "GET /backingtracks/ HTTP/1.1" 200 59215
[19/Jul/2026 23:53:55] "GET /media/track_images/thumb_11.webp HTTP/1.1" 304 0
[19/Jul/2026 23:53:55] "GET /media/track_images/thumb_10.webp HTTP/1.1" 304 0
[19/Jul/2026 23:53:55] "GET /media/track_images/thumb_9.webp HTTP/1.1" 304 0
[19/Jul/2026 23:53:55] "GET /media/track_images/ab67616d0000b273d33cf0f26efdf538bfd6864e.jpg HTTP/1.1" 304 0
[19/Jul/2026 23:53:55] "GET /media/track_images/thumb_7.webp HTTP/1.1" 304 0
[19/Jul/2026 23:53:58] "GET /backingtracks/15/ HTTP/1.1" 200 12979
[19/Jul/2026 23:53:58] "GET /static/backingtracks/js/audio-engine.js HTTP/1.1" 304 0
[19/Jul/2026 23:53:58] "GET /static/backingtracks/js/player-init.js HTTP/1.1" 304 0
[19/Jul/2026 23:53:58] "GET /media/stems/qwerty/15/piano.mp3 HTTP/1.1" 304 0
[19/Jul/2026 23:53:58] "GET /media/stems/qwerty/15/vocals.mp3 HTTP/1.1" 304 0
[19/Jul/2026 23:53:58] "GET /media/stems/qwerty/15/bass.mp3 HTTP/1.1" 200 3283112
[19/Jul/2026 23:53:58] "GET /media/stems/qwerty/15/other.mp3 HTTP/1.1" 200 3283112
[19/Jul/2026 23:53:58] "GET /media/stems/qwerty/15/guitar.mp3 HTTP/1.1" 200 3283112
[19/Jul/2026 23:53:58] "GET /media/stems/qwerty/15/drums.mp3 HTTP/1.1" 200 3283112
[19/Jul/2026 23:54:00] "GET /static/backingtracks/img/favicon.svg HTTP/1.1" 304 0
[20/Jul/2026 00:13:38] "GET / HTTP/1.1" 200 111741
[20/Jul/2026 00:13:38] "GET /static/backingtracks/css/style.css HTTP/1.1" 304 0
[20/Jul/2026 00:13:38] "GET /media/track_images/thumb_19_U8Sk2JV.webp HTTP/1.1" 304 0
[20/Jul/2026 00:13:39] "GET /backingtracks/ HTTP/1.1" 200 59215
[20/Jul/2026 00:13:40] "GET / HTTP/1.1" 200 111741
[20/Jul/2026 00:13:40] "GET /backingtracks/ HTTP/1.1" 200 59215
[20/Jul/2026 00:13:44] "GET /playlists/ HTTP/1.1" 200 7313
[20/Jul/2026 00:13:44,352] - Broken pipe from ('127.0.0.1', 62303)
[20/Jul/2026 00:13:45] "GET /playlists/2/ HTTP/1.1" 200 15414
[20/Jul/2026 00:13:49] "POST /backingtracks/16/remove-from-playlist/2/ HTTP/1.1" 302 0
[20/Jul/2026 00:13:49] "GET /backingtracks/ HTTP/1.1" 200 59215
[20/Jul/2026 00:13:50] "GET /playlists/ HTTP/1.1" 200 7312
[20/Jul/2026 00:13:51,036] - Broken pipe from ('127.0.0.1', 59836)
[20/Jul/2026 00:13:51] "GET /playlists/2/ HTTP/1.1" 200 12719
[20/Jul/2026 00:13:53] "POST /backingtracks/15/remove-from-playlist/2/ HTTP/1.1" 302 0
[20/Jul/2026 00:13:53] "GET /backingtracks/ HTTP/1.1" 200 59215
[20/Jul/2026 00:13:54] "GET / HTTP/1.1" 200 111741
[20/Jul/2026 00:13:54] "GET /backingtracks/ HTTP/1.1" 200 59215
[20/Jul/2026 00:13:57] "GET /playlists/ HTTP/1.1" 200 7313
[20/Jul/2026 00:13:57,131] - Broken pipe from ('127.0.0.1', 56549)
[20/Jul/2026 00:14:00] "GET /playlists/1/ HTTP/1.1" 200 9219
[20/Jul/2026 00:14:02] "GET /playlists/1/edit/ HTTP/1.1" 200 8356
[20/Jul/2026 00:14:02,157] - Broken pipe from ('127.0.0.1', 53268)
[20/Jul/2026 00:14:07] "POST /playlists/1/edit/ HTTP/1.1" 302 0
[20/Jul/2026 00:14:07] "GET /playlists/1/ HTTP/1.1" 200 9219
[20/Jul/2026 00:14:10] "GET /playlists/1/edit/ HTTP/1.1" 200 8367
[20/Jul/2026 00:14:10] "GET /media/playlist_images/Juan_Dela_Cruz.png HTTP/1.1" 200 40794
[20/Jul/2026 00:14:12] "GET /playlists/ HTTP/1.1" 200 7324
[20/Jul/2026 00:14:12] "GET /media/playlist_images/Juan_Dela_Cruz.png HTTP/1.1" 304 0
[20/Jul/2026 00:14:13] "GET /playlists/1/ HTTP/1.1" 200 9219
[20/Jul/2026 00:14:31] "GET /playlists/2/ HTTP/1.1" 200 9219
[20/Jul/2026 00:14:33] "GET /playlists/2/edit/ HTTP/1.1" 200 8195
[20/Jul/2026 00:15:02] "POST /playlists/2/edit/ HTTP/1.1" 302 0
[20/Jul/2026 00:15:02] "GET /playlists/2/ HTTP/1.1" 200 9247
[20/Jul/2026 00:15:05] "GET /backingtracks/ HTTP/1.1" 200 59215
[20/Jul/2026 00:15:06] "GET /playlists/ HTTP/1.1" 200 7338
[20/Jul/2026 00:15:06] "GET /media/playlist_images/Juan_Dela_Cruz.png HTTP/1.1" 304 0
[20/Jul/2026 00:15:07] "GET /playlists/2/ HTTP/1.1" 200 9247
